Added Component: Designator=C1(CH0805C)
Added Component: Designator=C2(CH0805C)
Added Component: Designator=C3(CH0805C)
Added Component: Designator=C4(CH0805C)
Added Component: Designator=C5(CH0805C)
Added Component: Designator=C6(CH0805C)
Added Component: Designator=C7(CH0805C)
Added Component: Designator=C8(CH0805C)
Added Component: Designator=C9(CH0805C)
Added Component: Designator=C10(CH0805C)
Added Component: Designator=C11(CH0805C)
Added Component: Designator=C12(CH0805C)
Added Component: Designator=C13(CH0805C)
Added Component: Designator=C14(CH0805C)
Added Component: Designator=C15(CH0805C)
Added Component: Designator=C16(CAP: DEBB33D)
Added Component: Designator=C17(CH0805C)
Added Component: Designator=C18(CH0805C)
Added Component: Designator=C19(CH0805C)
Added Component: Designator=C20(CH0805C)
Added Component: Designator=C21(CH0805C)
Added Component: Designator=C22(CH0805C)
Added Component: Designator=C23(CH0805C)
Added Component: Designator=C24(CH0805C)
Added Component: Designator=C25(CH0805C)
Added Component: Designator=C26(CH0805C)
Added Component: Designator=C27(CH0805C)
Added Component: Designator=C28(CH0805C)
Added Component: Designator=DA1(BQ24295)
Added Component: Designator=DD1(*QFN50P400X400X100-25N - duplicate)
Added Component: Designator=DD2(CAT6219)
Added Component: Designator=GB1(Battery)
Added Component: Designator=L1(CH0805L)
Added Component: Designator=L2(CH0805L)
Added Component: Designator=R1(CH0805R)
Added Component: Designator=R2(CH0805R)
Added Component: Designator=R3(CH0805R)
Added Component: Designator=R4(CH0805R)
Added Component: Designator=R5(CH0805R)
Added Component: Designator=R6(CH0805R)
Added Component: Designator=R7(CH0805R)
Added Component: Designator=R8(CH0805R)
Added Component: Designator=R9(CH0805R)
Added Component: Designator=R10(CH0805R)
Added Component: Designator=R11(CH0805R)
Added Component: Designator=R12(CH0805R)
Added Component: Designator=R13(CH0805R)
Added Component: Designator=R14(CH0805R)
Added Component: Designator=R15(CH0805R)
Added Component: Designator=R16(CH0805R)
Added Component: Designator=R17(CH0805R)
Added Component: Designator=R18(CH0805R)
Added Component: Designator=R19(CH0805R)
Added Component: Designator=R20(CH0805R)
Added Component: Designator=R21(CH0805R)
Added Component: Designator=R22(CH0805R)
Added Component: Designator=R23(CH0805R)
Added Component: Designator=R24(CH0805R)
Added Component: Designator=R25(CH0805R)
Added Component: Designator=R26(CH0805R)
Added Component: Designator=R27(CH0805R)
Added Component: Designator=R28(CH0805R)
Added Component: Designator=R29(CH0805R)
Added Component: Designator=R30(CH0805R)
Added Component: Designator=R31(CH0805R)
Added Component: Designator=R32(CH0805R)
Added Component: Designator=R33(CH0805R)
Added Component: Designator=R34(CH0805R)
Added Component: Designator=R35(CH0805R)
Added Component: Designator=RK1(0805 (Resistor))
Added Component: Designator=U1(STM-LQFP100_L)
Added Component: Designator=VD1(CH0603LB)
Added Component: Designator=VT1(8-HSOF)
Added Component: Designator=VT2(8-HSOF)
Added Component: Designator=X1(CON: HR911105A)
Added Component: Designator=XP1(Connector)
Added Component: Designator=XS1(USB)
Added Component: Designator=Z1(OSC: 3215)
Added Net: Name=BLCNT
Added Net: Name=BLGND
Added Net: Name=BLVDD
Added Net: Name=GND
Added Net: Name=NetC7_1
Added Net: Name=NetC9_1
Added Net: Name=NetC13_1
Added Net: Name=NetC14_1
Added Net: Name=NetC15_1
Added Net: Name=NetC17_2
Added Net: Name=NetC18_1
Added Net: Name=NetC18_2
Added Net: Name=NetC21_1
Added Net: Name=NetC22_1
Added Net: Name=NetC23_1
Added Net: Name=NetC24_1
Added Net: Name=NetC27_1
Added Net: Name=NetC28_1
Added Net: Name=NetDA1_2
Added Net: Name=NetDA1_3
Added Net: Name=NetDA1_4
Added Net: Name=NetDA1_8
Added Net: Name=NetDA1_10
Added Net: Name=NetDA1_15
Added Net: Name=NetDD1_2
Added Net: Name=NetDD1_3
Added Net: Name=NetDD1_4
Added Net: Name=NetDD1_7
Added Net: Name=NetDD1_8
Added Net: Name=NetDD1_11
Added Net: Name=NetDD1_12
Added Net: Name=NetDD1_13
Added Net: Name=NetDD1_14
Added Net: Name=NetDD1_15
Added Net: Name=NetDD1_16
Added Net: Name=NetDD1_17
Added Net: Name=NetDD1_18
Added Net: Name=NetDD1_20
Added Net: Name=NetDD1_21
Added Net: Name=NetDD1_22
Added Net: Name=NetDD1_23
Added Net: Name=NetDD1_24
Added Net: Name=NetDD2_3
Added Net: Name=NetR22_1
Added Net: Name=NetR23_1
Added Net: Name=NetR29_2
Added Net: Name=NetR32_1
Added Net: Name=NetVT1_2
Added Net: Name=NetVT2_2
Added Net: Name=PA1
Added Net: Name=PA2
Added Net: Name=PA7
Added Net: Name=PB6
Added Net: Name=PB7
Added Net: Name=PB11
Added Net: Name=PB12
Added Net: Name=PB13
Added Net: Name=PC1
Added Net: Name=PC4
Added Net: Name=PC5
Added Net: Name=PC8
Added Net: Name=PC9
Added Net: Name=PC10
Added Net: Name=PC11
Added Net: Name=PC12
Added Net: Name=PD0
Added Net: Name=PD1
Added Net: Name=PD4
Added Net: Name=PD5
Added Net: Name=PD7
Added Net: Name=PD8
Added Net: Name=PD9
Added Net: Name=PD10
Added Net: Name=PD11
Added Net: Name=PD14
Added Net: Name=PD15
Added Net: Name=PE1
Added Net: Name=PE2
Added Net: Name=PE5
Added Net: Name=PE7
Added Net: Name=PE8
Added Net: Name=PE9
Added Net: Name=PE10
Added Net: Name=PE11
Added Net: Name=PE12
Added Net: Name=PE13
Added Net: Name=PE14
Added Net: Name=PE15
Added Net: Name=VCC
Added Class: Name=Shcematic
Added Room: Name=Shcematic
